<?xml version="1.0" encoding="UTF-8"?>
<!-- Generated by org.testng.reporters.JUnitReportReporter -->
<testsuite hostname="windows11" failures="0" tests="5" name="tests.LoginApp" time="56.674" errors="0" timestamp="2024-02-08T13:10:12 IST" skipped="0">
  <testcase classname="tests.LoginApp" name="validateInvalidUser" time="13.767"/>
  <system-out/>
  <testcase classname="tests.LoginApp" name="loginToApplication" time="3.013"/>
  <system-out/>
  <testcase classname="tests.LoginApp" name="validateInvalidUser" time="22.437"/>
  <system-out/>
  <testcase classname="tests.LoginApp" name="validateInvalidUser" time="10.868"/>
  <system-out/>
  <testcase classname="tests.LoginApp" name="validateInvalidUser" time="6.589"/>
  <system-out/>
</testsuite> <!-- tests.LoginApp -->
