<?xml version="1.0" encoding="UTF-8"?>
<!-- Generated by org.testng.reporters.JUnitReportReporter -->
<testsuite hostname="windows11" failures="0" tests="5" name="tests.LoginAppTest" time="72.654" errors="0" timestamp="2024-02-09T11:36:48 IST" skipped="0">
  <testcase classname="tests.LoginAppTest" name="validateInvalidUser" time="17.000"/>
  <system-out/>
  <testcase classname="tests.LoginAppTest" name="loginToApplication" time="21.944"/>
  <system-out/>
  <testcase classname="tests.LoginAppTest" name="validateInvalidUser" time="14.085"/>
  <system-out/>
  <testcase classname="tests.LoginAppTest" name="validateInvalidUser" time="4.843"/>
  <system-out/>
  <testcase classname="tests.LoginAppTest" name="validateInvalidUser" time="14.782"/>
  <system-out/>
</testsuite> <!-- tests.LoginAppTest -->
