<?xml version="1.0" encoding="UTF-8"?>
<!-- Generated by org.testng.reporters.JUnitReportReporter -->
<testsuite hostname="windows11" failures="0" tests="2" name="tests.GuestUserInteractions" time="22.482" errors="0" timestamp="2024-02-08T13:10:12 IST" skipped="0">
  <testcase classname="tests.GuestUserInteractions" name="openCertificationPage" time="9.310"/>
  <system-out/>
  <testcase classname="tests.GuestUserInteractions" name="moveToHomePage" time="13.172"/>
  <system-out/>
</testsuite> <!-- tests.GuestUserInteractions -->
