<?xml version="1.0" encoding="UTF-8"?>
<!-- Generated by org.testng.reporters.JUnitReportReporter -->
<testsuite hostname="windows11" failures="0" tests="1" name="tests.GuestUserInterations" time="9.872" errors="0" timestamp="2024-02-07T13:43:09 IST" skipped="0">
  <testcase classname="tests.GuestUserInterations" name="openCertificationPage" time="9.872"/>
  <system-out/>
</testsuite> <!-- tests.GuestUserInterations -->
