<?xml version="1.0" encoding="UTF-8"?>
<!-- Generated by org.testng.reporters.JUnitReportReporter -->
<testsuite hostname="windows11" failures="0" tests="5" name="tests.LoginAppTest" time="49.927" errors="0" timestamp="2024-02-09T17:18:41 IST" skipped="0">
  <testcase classname="tests.LoginAppTest" name="testExcelDataImport" time="2.592"/>
  <system-out/>
  <testcase classname="tests.LoginAppTest" name="testExcelDataImport" time="20.157"/>
  <system-out/>
  <testcase classname="tests.LoginAppTest" name="testExcelDataImport" time="7.580"/>
  <system-out/>
  <testcase classname="tests.LoginAppTest" name="testExcelDataImport" time="10.239"/>
  <system-out/>
  <testcase classname="tests.LoginAppTest" name="testExcelDataImport" time="9.359"/>
  <system-out/>
</testsuite> <!-- tests.LoginAppTest -->
