<?xml version="1.0" encoding="UTF-8"?>
<!-- Generated by org.testng.reporters.JUnitReportReporter -->
<testsuite hostname="windows11" failures="0" tests="2" name="tests.GuestUserInteractionsTest" time="28.180" errors="0" timestamp="2024-02-09T11:32:47 IST" skipped="0">
  <testcase classname="tests.GuestUserInteractionsTest" name="moveToHomePage" time="15.250"/>
  <testcase classname="tests.GuestUserInteractionsTest" name="openCertificationPage" time="12.930"/>
</testsuite> <!-- tests.GuestUserInteractionsTest -->
