<?xml version="1.0" encoding="UTF-8"?>
<!-- Generated by org.testng.reporters.JUnitReportReporter -->
<testsuite hostname="windows11" failures="0" tests="1" name="tests.SignupUserTest" time="12.504" errors="0" timestamp="2024-02-09T11:32:47 IST" skipped="0">
  <testcase classname="tests.SignupUserTest" name="userSignupFlow" time="12.504"/>
</testsuite> <!-- tests.SignupUserTest -->
