<?xml version="1.0" encoding="UTF-8"?>
<!-- Generated by org.testng.reporters.JUnitReportReporter -->
<testsuite hostname="windows11" failures="0" tests="5" name="tests.LoginAppTest" time="102.679" errors="0" timestamp="2024-02-09T11:44:23 IST" skipped="0">
  <testcase classname="tests.LoginAppTest" name="validateInvalidUser" time="11.765"/>
  <testcase classname="tests.LoginAppTest" name="validateInvalidUser" time="32.704"/>
  <testcase classname="tests.LoginAppTest" name="validateInvalidUser" time="15.051"/>
  <testcase classname="tests.LoginAppTest" name="validateInvalidUser" time="13.668"/>
  <testcase classname="tests.LoginAppTest" name="loginToApplication" time="29.491"/>
</testsuite> <!-- tests.LoginAppTest -->
